<?xml version="1.0" encoding="UTF-8"?>
<testsuite name="tron.tronlink.v2.nft.demo" tests="1" skipped="0" failures="0" errors="0" timestamp="2021-05-23T06:22:39" hostname="192.168.1.5" time="0.156">
  <properties/>
  <testcase name="printSignature" classname="tron.tronlink.v2.nft.demo" time="0.156"/>
  <system-out><![CDATA[POST1:1:1:1/api/wallet/v2/addAsset?Lang=2&System=AndroidTest&Version=v1.0.0&address=TX74o6dWugAgdaMv8M39QP9YL5QRgfj32t&chain=MainChain&channel=official&nonce=12345&secretId=SFSUIOJBFMLKSJIF&ts=1609302220000
SKDOE543KLMFSLKMJTIO4JTSSDFDSMKM65765
============= Below is signature =============
mLt7U2hKh8TjgaYxSGGHI%2FY5mNE%3D
]]></system-out>
  <system-err><![CDATA[]]></system-err>
</testsuite>
