<?xml version="1.0" encoding="UTF-8"?>
<testsuite name="tron.tronscan.api.OneContract" tests="5" skipped="5" failures="0" errors="0" timestamp="2021-05-23T06:21:53" hostname="192.168.1.5" time="0.004">
  <properties/>
  <testcase name="getCaller_value" classname="tron.tronscan.api.OneContract" time="0.0">
    <skipped/>
  </testcase>
  <testcase name="getCallers" classname="tron.tronscan.api.OneContract" time="0.0">
    <skipped/>
  </testcase>
  <testcase name="getOneContractCaller" classname="tron.tronscan.api.OneContract" time="0.0">
    <skipped/>
  </testcase>
  <testcase name="getOneContractEnergy" classname="tron.tronscan.api.OneContract" time="0.0">
    <skipped/>
  </testcase>
  <testcase name="getOneContractTrigger" classname="tron.tronscan.api.OneContract" time="0.0">
    <skipped/>
  </testcase>
  <system-out><![CDATA[]]></system-out>
  <system-err><![CDATA[]]></system-err>
</testsuite>
