<?xml version="1.0" encoding="UTF-8"?>
<testsuite name="tron.tronlink.old.transactionHistory" tests="3" skipped="3" failures="0" errors="0" timestamp="2021-05-23T06:21:53" hostname="192.168.1.5" time="0.001">
  <properties/>
  <testcase name="test001TransactionTo" classname="tron.tronlink.old.transactionHistory" time="0.0">
    <skipped/>
  </testcase>
  <testcase name="test002TransactionFrom" classname="tron.tronlink.old.transactionHistory" time="0.0">
    <skipped/>
  </testcase>
  <testcase name="test003TransactionAll" classname="tron.tronlink.old.transactionHistory" time="0.0">
    <skipped/>
  </testcase>
  <system-out><![CDATA[]]></system-out>
  <system-err><![CDATA[]]></system-err>
</testsuite>
