<?xml version="1.0" encoding="UTF-8"?>
<testsuite name="tron.tronscan.tronscanUI.StatChart" tests="7" skipped="7" failures="0" errors="0" timestamp="2021-05-23T06:21:53" hostname="192.168.1.5" time="0.004">
  <properties/>
  <testcase name="accountTest" classname="tron.tronscan.tronscanUI.StatChart" time="0.0">
    <skipped/>
  </testcase>
  <testcase name="blockTest" classname="tron.tronscan.tronscanUI.StatChart" time="0.0">
    <skipped/>
  </testcase>
  <testcase name="circulationTest" classname="tron.tronscan.tronscanUI.StatChart" time="0.0">
    <skipped/>
  </testcase>
  <testcase name="contractTest" classname="tron.tronscan.tronscanUI.StatChart" time="0.0">
    <skipped/>
  </testcase>
  <testcase name="networkTest" classname="tron.tronscan.tronscanUI.StatChart" time="0.0">
    <skipped/>
  </testcase>
  <testcase name="superTest" classname="tron.tronscan.tronscanUI.StatChart" time="0.0">
    <skipped/>
  </testcase>
  <testcase name="transTest" classname="tron.tronscan.tronscanUI.StatChart" time="0.0">
    <skipped/>
  </testcase>
  <system-out><![CDATA[]]></system-out>
  <system-err><![CDATA[]]></system-err>
</testsuite>
