<?xml version="1.0" encoding="UTF-8"?>
<testsuite name="tron.tronscan.api.AccountsList" tests="5" skipped="5" failures="0" errors="0" timestamp="2021-05-23T06:21:53" hostname="192.168.1.5" time="0.001">
  <properties/>
  <testcase name="getAccountList" classname="tron.tronscan.api.AccountsList" time="0.0">
    <skipped/>
  </testcase>
  <testcase name="getAccountSr" classname="tron.tronscan.api.AccountsList" time="0.0">
    <skipped/>
  </testcase>
  <testcase name="getAccountStats" classname="tron.tronscan.api.AccountsList" time="0.0">
    <skipped/>
  </testcase>
  <testcase name="getAccountVote" classname="tron.tronscan.api.AccountsList" time="0.0">
    <skipped/>
  </testcase>
  <testcase name="test01getAccount" classname="tron.tronscan.api.AccountsList" time="0.0">
    <skipped/>
  </testcase>
  <system-out><![CDATA[]]></system-out>
  <system-err><![CDATA[]]></system-err>
</testsuite>
