<?xml version="1.0" encoding="UTF-8"?>
<testsuite name="tron.tronscan.tronscanUI.ConvertTool" tests="4" skipped="4" failures="0" errors="0" timestamp="2021-05-23T06:21:53" hostname="192.168.1.5" time="0.001">
  <properties/>
  <testcase name="testBase58" classname="tron.tronscan.tronscanUI.ConvertTool" time="0.0">
    <skipped/>
  </testcase>
  <testcase name="testBase64" classname="tron.tronscan.tronscanUI.ConvertTool" time="0.0">
    <skipped/>
  </testcase>
  <testcase name="testMainnet" classname="tron.tronscan.tronscanUI.ConvertTool" time="0.0">
    <skipped/>
  </testcase>
  <testcase name="testPubKeyAddress" classname="tron.tronscan.tronscanUI.ConvertTool" time="0.0">
    <skipped/>
  </testcase>
  <system-out><![CDATA[]]></system-out>
  <system-err><![CDATA[]]></system-err>
</testsuite>
