<?xml version="1.0" encoding="UTF-8"?>
<testsuite name="tron.tronscan.api.TransferList" tests="2" skipped="2" failures="0" errors="0" timestamp="2021-05-23T06:21:53" hostname="192.168.1.5" time="0.001">
  <properties/>
  <testcase name="getSimple_transfer" classname="tron.tronscan.api.TransferList" time="0.0">
    <skipped/>
  </testcase>
  <testcase name="test01getBlockDetail" classname="tron.tronscan.api.TransferList" time="0.0">
    <skipped/>
  </testcase>
  <system-out><![CDATA[]]></system-out>
  <system-err><![CDATA[]]></system-err>
</testsuite>
