<?xml version="1.0" encoding="UTF-8"?>
<testsuite name="tron.tronscan.tronscanUI.Top_statisticsTest" tests="5" skipped="5" failures="0" errors="0" timestamp="2021-05-23T06:21:53" hostname="192.168.1.5" time="0.001">
  <properties/>
  <testcase name="testTop" classname="tron.tronscan.tronscanUI.Top_statisticsTest" time="0.0">
    <skipped/>
  </testcase>
  <testcase name="testTopAccount" classname="tron.tronscan.tronscanUI.Top_statisticsTest" time="0.0">
    <skipped/>
  </testcase>
  <testcase name="testTopContract" classname="tron.tronscan.tronscanUI.Top_statisticsTest" time="0.0">
    <skipped/>
  </testcase>
  <testcase name="testTopResource" classname="tron.tronscan.tronscanUI.Top_statisticsTest" time="0.0">
    <skipped/>
  </testcase>
  <testcase name="testTopToken" classname="tron.tronscan.tronscanUI.Top_statisticsTest" time="0.0">
    <skipped/>
  </testcase>
  <system-out><![CDATA[]]></system-out>
  <system-err><![CDATA[]]></system-err>
</testsuite>
