<?xml version="1.0" encoding="UTF-8"?>
<testsuite name="tron.tronscan.api.Token_Trx20" tests="3" skipped="3" failures="0" errors="0" timestamp="2021-05-23T06:21:53" hostname="192.168.1.5" time="0.0">
  <properties/>
  <testcase name="getInternal_transaction" classname="tron.tronscan.api.Token_Trx20" time="0.0">
    <skipped/>
  </testcase>
  <testcase name="getTokentrc20" classname="tron.tronscan.api.Token_Trx20" time="0.0">
    <skipped/>
  </testcase>
  <testcase name="getTokentrc20_transfer" classname="tron.tronscan.api.Token_Trx20" time="0.0">
    <skipped/>
  </testcase>
  <system-out><![CDATA[]]></system-out>
  <system-err><![CDATA[]]></system-err>
</testsuite>
