<?xml version="1.0" encoding="UTF-8"?>
<testsuite name="tron.tronscan.api.PostTagChange" tests="3" skipped="3" failures="0" errors="0" timestamp="2021-05-23T06:21:53" hostname="192.168.1.5" time="0.0">
  <properties/>
  <testcase name="postTagDelete" classname="tron.tronscan.api.PostTagChange" time="0.0">
    <skipped/>
  </testcase>
  <testcase name="postTagInsert" classname="tron.tronscan.api.PostTagChange" time="0.0">
    <skipped/>
  </testcase>
  <testcase name="postTagUpdate" classname="tron.tronscan.api.PostTagChange" time="0.0">
    <skipped/>
  </testcase>
  <system-out><![CDATA[]]></system-out>
  <system-err><![CDATA[]]></system-err>
</testsuite>
