<?xml version="1.0" encoding="UTF-8"?>
<testsuite name="tron.trondata.Trc20Holders" tests="2" skipped="2" failures="0" errors="0" timestamp="2021-05-23T06:21:53" hostname="192.168.1.5" time="0.001">
  <properties/>
  <testcase name="Test001getTrc20HodersAll" classname="tron.trondata.Trc20Holders" time="0.0">
    <skipped/>
  </testcase>
  <testcase name="Test002getAccountTrc20Balance" classname="tron.trondata.Trc20Holders" time="0.0">
    <skipped/>
  </testcase>
  <system-out><![CDATA[]]></system-out>
  <system-err><![CDATA[]]></system-err>
</testsuite>
