<?xml version="1.0" encoding="UTF-8"?>
<testsuite name="tron.tronlink.wallet.addasset" tests="5" skipped="5" failures="0" errors="0" timestamp="2021-05-23T06:21:53" hostname="192.168.1.5" time="0.001">
  <properties/>
  <testcase name="test001CancelTrc10FromAccount" classname="tron.tronlink.wallet.addasset" time="0.0">
    <skipped/>
  </testcase>
  <testcase name="test002AddAllTrc10TokenToAccount" classname="tron.tronlink.wallet.addasset" time="0.0">
    <skipped/>
  </testcase>
  <testcase name="test003CancelTrc20FromAccount" classname="tron.tronlink.wallet.addasset" time="0.0">
    <skipped/>
  </testcase>
  <testcase name="test004AddAllTrc20ToAccount" classname="tron.tronlink.wallet.addasset" time="0.0">
    <skipped/>
  </testcase>
  <testcase name="test005AddAllTokenToAccount" classname="tron.tronlink.wallet.addasset" time="0.0">
    <skipped/>
  </testcase>
  <system-out><![CDATA[]]></system-out>
  <system-err><![CDATA[]]></system-err>
</testsuite>
