<?xml version="1.0" encoding="UTF-8"?>
<testsuite name="tron.tronscan.tronscanUI.NoticeTest" tests="6" skipped="6" failures="0" errors="0" timestamp="2021-05-23T06:21:53" hostname="192.168.1.5" time="0.003">
  <properties/>
  <testcase name="day14_accounts" classname="tron.tronscan.tronscanUI.NoticeTest" time="0.0">
    <skipped/>
  </testcase>
  <testcase name="day14_transactions" classname="tron.tronscan.tronscanUI.NoticeTest" time="0.0">
    <skipped/>
  </testcase>
  <testcase name="testTop" classname="tron.tronscan.tronscanUI.NoticeTest" time="0.0">
    <skipped/>
  </testcase>
  <testcase name="topDataTest" classname="tron.tronscan.tronscanUI.NoticeTest" time="0.0">
    <skipped/>
  </testcase>
  <testcase name="top_accounts" classname="tron.tronscan.tronscanUI.NoticeTest" time="0.0">
    <skipped/>
  </testcase>
  <testcase name="top_transfer" classname="tron.tronscan.tronscanUI.NoticeTest" time="0.0">
    <skipped/>
  </testcase>
  <system-out><![CDATA[]]></system-out>
  <system-err><![CDATA[]]></system-err>
</testsuite>
