<?xml version="1.0" encoding="UTF-8"?>
<testsuite name="tron.tronscan.tronscanUI.SearchTest" tests="4" skipped="4" failures="0" errors="0" timestamp="2021-05-23T06:21:53" hostname="192.168.1.5" time="0.006">
  <properties/>
  <testcase name="testSearchAddressText" classname="tron.tronscan.tronscanUI.SearchTest" time="0.0">
    <skipped/>
  </testcase>
  <testcase name="testSearchContractText" classname="tron.tronscan.tronscanUI.SearchTest" time="0.0">
    <skipped/>
  </testcase>
  <testcase name="testSearchTrc10Text" classname="tron.tronscan.tronscanUI.SearchTest" time="0.0">
    <skipped/>
  </testcase>
  <testcase name="testSearchTrc20Text" classname="tron.tronscan.tronscanUI.SearchTest" time="0.0">
    <skipped/>
  </testcase>
  <system-out><![CDATA[]]></system-out>
  <system-err><![CDATA[]]></system-err>
</testsuite>
