<?xml version="1.0" encoding="UTF-8"?>
<testsuite name="tron.tronscan.api.TransactionList" tests="6" skipped="6" failures="0" errors="0" timestamp="2021-05-23T06:21:53" hostname="192.168.1.5" time="0.0">
  <properties/>
  <testcase name="getSimple_Transaction" classname="tron.tronscan.api.TransactionList" time="0.0">
    <skipped/>
  </testcase>
  <testcase name="getTransactionTest" classname="tron.tronscan.api.TransactionList" time="0.0">
    <skipped/>
  </testcase>
  <testcase name="getTransactionTestBlock" classname="tron.tronscan.api.TransactionList" time="0.0">
    <skipped/>
  </testcase>
  <testcase name="getTransactionTestRang" classname="tron.tronscan.api.TransactionList" time="0.0">
    <skipped/>
  </testcase>
  <testcase name="test01getBlockDetail" classname="tron.tronscan.api.TransactionList" time="0.0">
    <skipped/>
  </testcase>
  <testcase name="test02getBlockDetail" classname="tron.tronscan.api.TransactionList" time="0.0">
    <skipped/>
  </testcase>
  <system-out><![CDATA[]]></system-out>
  <system-err><![CDATA[]]></system-err>
</testsuite>
