<?xml version="1.0" encoding="UTF-8"?>
<testsuite name="tron.djed.TokenInfo" tests="3" skipped="3" failures="0" errors="0" timestamp="2021-05-23T06:21:53" hostname="192.168.1.5" time="0.0">
  <properties/>
  <testcase name="tokenInfoDai" classname="tron.djed.TokenInfo" time="0.0">
    <skipped/>
  </testcase>
  <testcase name="tokenInfoMkr" classname="tron.djed.TokenInfo" time="0.0">
    <skipped/>
  </testcase>
  <testcase name="tokenInfoTrx" classname="tron.djed.TokenInfo" time="0.0">
    <skipped/>
  </testcase>
  <system-out><![CDATA[]]></system-out>
  <system-err><![CDATA[]]></system-err>
</testsuite>
